TN:
SF:app.js
FNF:0
FNH:0
DA:5,3
DA:7,3
DA:9,3
DA:10,3
DA:12,3
LF:5
LH:5
BRF:0
BRH:0
end_of_record
TN:
SF:controller\book.js
FN:15,(anonymous_0)
FN:47,(anonymous_1)
FN:69,(anonymous_2)
FN:78,(anonymous_3)
FNF:4
FNH:4
FNDA:1,(anonymous_0)
FNDA:1,(anonymous_1)
FNDA:1,(anonymous_2)
FNDA:1,(anonymous_3)
DA:6,3
DA:7,3
DA:9,3
DA:15,3
DA:16,1
DA:22,1
DA:24,1
DA:25,1
DA:26,1
DA:38,1
DA:43,0
DA:47,3
DA:48,1
DA:49,1
DA:55,1
DA:57,1
DA:63,1
DA:65,0
DA:69,3
DA:70,1
DA:71,1
DA:72,1
DA:74,0
DA:78,3
DA:79,1
DA:80,1
DA:81,1
DA:82,1
DA:84,0
LF:29
LH:25
BRF:0
BRH:0
end_of_record
TN:
SF:controller\borrow.js
FN:7,(anonymous_0)
FN:25,(anonymous_1)
FN:37,(anonymous_2)
FNF:3
FNH:3
FNDA:1,(anonymous_0)
FNDA:1,(anonymous_1)
FNDA:1,(anonymous_2)
DA:5,3
DA:7,3
DA:8,1
DA:9,1
DA:10,1
DA:17,1
DA:21,0
DA:25,3
DA:26,1
DA:27,1
DA:28,1
DA:31,1
DA:33,0
DA:37,3
DA:38,1
DA:39,1
DA:40,1
DA:46,1
DA:48,0
LF:19
LH:16
BRF:0
BRH:0
end_of_record
TN:
SF:controller\user.js
FN:8,(anonymous_0)
FN:33,(anonymous_1)
FNF:2
FNH:2
FNDA:6,(anonymous_0)
FNDA:9,(anonymous_1)
DA:5,3
DA:6,3
DA:8,3
DA:9,6
DA:14,6
DA:16,6
DA:17,6
DA:19,3
DA:20,3
DA:21,3
DA:24,3
DA:29,0
DA:33,3
DA:34,9
DA:35,9
DA:36,9
DA:37,9
DA:39,6
DA:40,6
DA:43,6
DA:44,3
DA:48,3
DA:50,0
LF:23
LH:21
BRDA:17,0,0,3
BRDA:17,0,1,3
BRDA:37,1,0,3
BRDA:37,1,1,6
BRDA:43,2,0,3
BRDA:43,2,1,3
BRF:6
BRH:6
end_of_record
TN:
SF:database\database.js
FNF:0
FNH:0
DA:7,3
DA:9,3
DA:22,3
DA:24,3
DA:25,3
DA:27,3
DA:28,3
DA:29,3
LF:8
LH:8
BRF:0
BRH:0
end_of_record
TN:
SF:middleware\jwt.js
FN:4,(anonymous_0)
FNF:1
FNH:1
FNDA:13,(anonymous_0)
DA:4,3
DA:5,13
DA:6,13
DA:7,13
DA:8,3
DA:10,10
DA:11,9
DA:12,9
DA:14,1
LF:9
LH:9
BRDA:7,0,0,3
BRDA:7,0,1,10
BRF:2
BRH:2
end_of_record
TN:
SF:middleware\multer.js
FN:1,(anonymous_0)
FNF:1
FNH:1
FNDA:3,(anonymous_0)
DA:1,3
DA:2,3
DA:3,3
DA:6,3
DA:7,1
DA:11,2
DA:12,1
DA:14,1
LF:8
LH:8
BRDA:6,0,0,1
BRDA:6,0,1,2
BRDA:6,1,0,3
BRDA:6,1,1,3
BRDA:6,1,2,1
BRDA:11,2,0,1
BRDA:11,2,1,1
BRF:7
BRH:7
end_of_record
TN:
SF:middleware\user.js
FN:2,(anonymous_0)
FN:23,(anonymous_1)
FNF:2
FNH:2
FNDA:15,(anonymous_0)
FNDA:12,(anonymous_1)
DA:2,3
DA:8,15
DA:9,15
DA:10,3
DA:14,12
DA:15,3
DA:17,9
DA:18,3
DA:20,6
DA:23,3
DA:27,12
DA:28,12
DA:29,3
DA:33,9
LF:14
LH:14
BRDA:9,0,0,3
BRDA:9,0,1,12
BRDA:9,1,0,15
BRDA:9,1,1,15
BRDA:9,1,2,15
BRDA:9,1,3,15
BRDA:14,2,0,3
BRDA:14,2,1,9
BRDA:17,3,0,3
BRDA:17,3,1,6
BRDA:28,4,0,3
BRDA:28,4,1,9
BRDA:28,5,0,12
BRDA:28,5,1,12
BRF:14
BRH:14
end_of_record
TN:
SF:models\book.js
FN:5,(anonymous_0)
FN:12,(anonymous_1)
FNF:2
FNH:1
FNDA:6,(anonymous_0)
FNDA:0,(anonymous_1)
DA:5,3
DA:16,6
DA:27,6
DA:28,6
LF:4
LH:4
BRF:0
BRH:0
end_of_record
TN:
SF:models\borrow.js
FN:6,(anonymous_0)
FN:13,(anonymous_1)
FNF:2
FNH:1
FNDA:3,(anonymous_0)
FNDA:0,(anonymous_1)
DA:6,3
DA:17,3
DA:23,3
DA:24,3
DA:25,3
LF:5
LH:5
BRF:0
BRH:0
end_of_record
TN:
SF:models\user.js
FN:3,(anonymous_0)
FN:10,(anonymous_1)
FNF:2
FNH:1
FNDA:12,(anonymous_0)
FNDA:0,(anonymous_1)
DA:3,3
DA:14,12
DA:22,12
LF:3
LH:3
BRF:0
BRH:0
end_of_record
TN:
SF:route\routes.js
FNF:0
FNH:0
DA:12,3
DA:14,3
DA:16,3
DA:18,3
DA:20,3
DA:22,3
DA:24,3
DA:26,3
DA:28,3
DA:30,3
DA:32,3
LF:11
LH:11
BRF:0
BRH:0
end_of_record
